{"total": {"lines":{"total":22826,"covered":19826,"skipped":0,"pct":86.85},"statements":{"total":22826,"covered":19826,"skipped":0,"pct":86.85},"functions":{"total":834,"covered":780,"skipped":0,"pct":93.52},"branches":{"total":4917,"covered":3878,"skipped":0,"pct":78.86},"branchesTrue":{"total":0,"covered":0,"skipped":0,"pct":100}}
,"C:\\Users\\AVAdmin\\Nextcloud\\Projects\\jsquared_blog\\scripts\\catalog.js": {"lines":{"total":186,"covered":141,"skipped":0,"pct":75.8},"functions":{"total":7,"covered":5,"skipped":0,"pct":71.42},"statements":{"total":186,"covered":141,"skipped":0,"pct":75.8},"branches":{"total":36,"covered":26,"skipped":0,"pct":72.22}}
,"C:\\Users\\AVAdmin\\Nextcloud\\Projects\\jsquared_blog\\scripts\\claw.js": {"lines":{"total":468,"covered":241,"skipped":0,"pct":51.49},"functions":{"total":23,"covered":18,"skipped":0,"pct":78.26},"statements":{"total":468,"covered":241,"skipped":0,"pct":51.49},"branches":{"total":60,"covered":37,"skipped":0,"pct":61.66}}
,"C:\\Users\\AVAdmin\\Nextcloud\\Projects\\jsquared_blog\\scripts\\doctor.js": {"lines":{"total":111,"covered":93,"skipped":0,"pct":83.78},"functions":{"total":5,"covered":5,"skipped":0,"pct":100},"statements":{"total":111,"covered":93,"skipped":0,"pct":83.78},"branches":{"total":29,"covered":24,"skipped":0,"pct":82.75}}
,"C:\\Users\\AVAdmin\\Nextcloud\\Projects\\jsquared_blog\\scripts\\ecc.js": {"lines":{"total":216,"covered":200,"skipped":0,"pct":92.59},"functions":{"total":4,"covered":4,"skipped":0,"pct":100},"statements":{"total":216,"covered":200,"skipped":0,"pct":92.59},"branches":{"total":30,"covered":23,"skipped":0,"pct":76.66}}
,"C:\\Users\\AVAdmin\\Nextcloud\\Projects\\jsquared_blog\\scripts\\harness-audit.js": {"lines":{"total":725,"covered":665,"skipped":0,"pct":91.72},"functions":{"total":17,"covered":16,"skipped":0,"pct":94.11},"statements":{"total":725,"covered":665,"skipped":0,"pct":91.72},"branches":{"total":97,"covered":62,"skipped":0,"pct":63.91}}
,"C:\\Users\\AVAdmin\\Nextcloud\\Projects\\jsquared_blog\\scripts\\install-apply.js": {"lines":{"total":150,"covered":143,"skipped":0,"pct":95.33},"functions":{"total":4,"covered":4,"skipped":0,"pct":100},"statements":{"total":150,"covered":143,"skipped":0,"pct":95.33},"branches":{"total":39,"covered":33,"skipped":0,"pct":84.61}}
,"C:\\Users\\AVAdmin\\Nextcloud\\Projects\\jsquared_blog\\scripts\\install-plan.js": {"lines":{"total":266,"covered":260,"skipped":0,"pct":97.74},"functions":{"total":7,"covered":7,"skipped":0,"pct":100},"statements":{"total":266,"covered":260,"skipped":0,"pct":97.74},"branches":{"total":82,"covered":70,"skipped":0,"pct":85.36}}
,"C:\\Users\\AVAdmin\\Nextcloud\\Projects\\jsquared_blog\\scripts\\list-installed.js": {"lines":{"total":91,"covered":89,"skipped":0,"pct":97.8},"functions":{"total":4,"covered":4,"skipped":0,"pct":100},"statements":{"total":91,"covered":89,"skipped":0,"pct":97.8},"branches":{"total":30,"covered":22,"skipped":0,"pct":73.33}}
,"C:\\Users\\AVAdmin\\Nextcloud\\Projects\\jsquared_blog\\scripts\\orchestrate-worktrees.js": {"lines":{"total":114,"covered":65,"skipped":0,"pct":57.01},"functions":{"total":5,"covered":3,"skipped":0,"pct":60},"statements":{"total":114,"covered":65,"skipped":0,"pct":57.01},"branches":{"total":9,"covered":8,"skipped":0,"pct":88.88}}
,"C:\\Users\\AVAdmin\\Nextcloud\\Projects\\jsquared_blog\\scripts\\orchestration-status.js": {"lines":{"total":72,"covered":55,"skipped":0,"pct":76.38},"functions":{"total":3,"covered":2,"skipped":0,"pct":66.66},"statements":{"total":72,"covered":55,"skipped":0,"pct":76.38},"branches":{"total":16,"covered":14,"skipped":0,"pct":87.5}}
,"C:\\Users\\AVAdmin\\Nextcloud\\Projects\\jsquared_blog\\scripts\\repair.js": {"lines":{"total":98,"covered":97,"skipped":0,"pct":98.97},"functions":{"total":4,"covered":4,"skipped":0,"pct":100},"statements":{"total":98,"covered":97,"skipped":0,"pct":98.97},"branches":{"total":35,"covered":27,"skipped":0,"pct":77.14}}
,"C:\\Users\\AVAdmin\\Nextcloud\\Projects\\jsquared_blog\\scripts\\session-inspect.js": {"lines":{"total":150,"covered":143,"skipped":0,"pct":95.33},"functions":{"total":4,"covered":4,"skipped":0,"pct":100},"statements":{"total":150,"covered":143,"skipped":0,"pct":95.33},"branches":{"total":36,"covered":30,"skipped":0,"pct":83.33}}
,"C:\\Users\\AVAdmin\\Nextcloud\\Projects\\jsquared_blog\\scripts\\sessions-cli.js": {"lines":{"total":178,"covered":178,"skipped":0,"pct":100},"functions":{"total":8,"covered":8,"skipped":0,"pct":100},"statements":{"total":178,"covered":178,"skipped":0,"pct":100},"branches":{"total":63,"covered":51,"skipped":0,"pct":80.95}}
,"C:\\Users\\AVAdmin\\Nextcloud\\Projects\\jsquared_blog\\scripts\\setup-package-manager.js": {"lines":{"total":204,"covered":196,"skipped":0,"pct":96.07},"functions":{"total":5,"covered":5,"skipped":0,"pct":100},"statements":{"total":204,"covered":196,"skipped":0,"pct":96.07},"branches":{"total":43,"covered":38,"skipped":0,"pct":88.37}}
,"C:\\Users\\AVAdmin\\Nextcloud\\Projects\\jsquared_blog\\scripts\\skill-create-output.js": {"lines":{"total":244,"covered":182,"skipped":0,"pct":74.59},"functions":{"total":25,"covered":21,"skipped":0,"pct":84},"statements":{"total":244,"covered":182,"skipped":0,"pct":74.59},"branches":{"total":37,"covered":28,"skipped":0,"pct":75.67}}
,"C:\\Users\\AVAdmin\\Nextcloud\\Projects\\jsquared_blog\\scripts\\skills-health.js": {"lines":{"total":132,"covered":129,"skipped":0,"pct":97.72},"functions":{"total":4,"covered":4,"skipped":0,"pct":100},"statements":{"total":132,"covered":129,"skipped":0,"pct":97.72},"branches":{"total":48,"covered":46,"skipped":0,"pct":95.83}}
,"C:\\Users\\AVAdmin\\Nextcloud\\Projects\\jsquared_blog\\scripts\\status.js": {"lines":{"total":177,"covered":177,"skipped":0,"pct":100},"functions":{"total":8,"covered":8,"skipped":0,"pct":100},"statements":{"total":177,"covered":177,"skipped":0,"pct":100},"branches":{"total":44,"covered":36,"skipped":0,"pct":81.81}}
,"C:\\Users\\AVAdmin\\Nextcloud\\Projects\\jsquared_blog\\scripts\\uninstall.js": {"lines":{"total":97,"covered":97,"skipped":0,"pct":100},"functions":{"total":4,"covered":4,"skipped":0,"pct":100},"statements":{"total":97,"covered":97,"skipped":0,"pct":100},"branches":{"total":37,"covered":31,"skipped":0,"pct":83.78}}
,"C:\\Users\\AVAdmin\\Nextcloud\\Projects\\jsquared_blog\\scripts\\ci\\catalog.js": {"lines":{"total":687,"covered":341,"skipped":0,"pct":49.63},"functions":{"total":21,"covered":9,"skipped":0,"pct":42.85},"statements":{"total":687,"covered":341,"skipped":0,"pct":49.63},"branches":{"total":44,"covered":31,"skipped":0,"pct":70.45}}
,"C:\\Users\\AVAdmin\\Nextcloud\\Projects\\jsquared_blog\\scripts\\ci\\check-unicode-safety.js": {"lines":{"total":265,"covered":263,"skipped":0,"pct":99.24},"functions":{"total":12,"covered":12,"skipped":0,"pct":100},"statements":{"total":265,"covered":263,"skipped":0,"pct":99.24},"branches":{"total":57,"covered":52,"skipped":0,"pct":91.22}}
,"C:\\Users\\AVAdmin\\Nextcloud\\Projects\\jsquared_blog\\scripts\\ci\\validate-agents.js": {"lines":{"total":81,"covered":62,"skipped":0,"pct":76.54},"functions":{"total":2,"covered":2,"skipped":0,"pct":100},"statements":{"total":81,"covered":62,"skipped":0,"pct":76.54},"branches":{"total":14,"covered":7,"skipped":0,"pct":50}}
,"C:\\Users\\AVAdmin\\Nextcloud\\Projects\\jsquared_blog\\scripts\\ci\\validate-commands.js": {"lines":{"total":136,"covered":102,"skipped":0,"pct":75},"functions":{"total":1,"covered":1,"skipped":0,"pct":100},"statements":{"total":136,"covered":102,"skipped":0,"pct":75},"branches":{"total":25,"covered":15,"skipped":0,"pct":60}}
,"C:\\Users\\AVAdmin\\Nextcloud\\Projects\\jsquared_blog\\scripts\\ci\\validate-hooks.js": {"lines":{"total":251,"covered":171,"skipped":0,"pct":68.12},"functions":{"total":4,"covered":4,"skipped":0,"pct":100},"statements":{"total":251,"covered":171,"skipped":0,"pct":68.12},"branches":{"total":51,"covered":29,"skipped":0,"pct":56.86}}
,"C:\\Users\\AVAdmin\\Nextcloud\\Projects\\jsquared_blog\\scripts\\ci\\validate-install-manifests.js": {"lines":{"total":214,"covered":147,"skipped":0,"pct":68.69},"functions":{"total":4,"covered":4,"skipped":0,"pct":100},"statements":{"total":214,"covered":147,"skipped":0,"pct":68.69},"branches":{"total":38,"covered":15,"skipped":0,"pct":39.47}}
,"C:\\Users\\AVAdmin\\Nextcloud\\Projects\\jsquared_blog\\scripts\\ci\\validate-no-personal-paths.js": {"lines":{"total":112,"covered":88,"skipped":0,"pct":78.57},"functions":{"total":7,"covered":5,"skipped":0,"pct":71.42},"statements":{"total":112,"covered":88,"skipped":0,"pct":78.57},"branches":{"total":19,"covered":17,"skipped":0,"pct":89.47}}
,"C:\\Users\\AVAdmin\\Nextcloud\\Projects\\jsquared_blog\\scripts\\ci\\validate-rules.js": {"lines":{"total":81,"covered":67,"skipped":0,"pct":82.71},"functions":{"total":2,"covered":2,"skipped":0,"pct":100},"statements":{"total":81,"covered":67,"skipped":0,"pct":82.71},"branches":{"total":13,"covered":7,"skipped":0,"pct":53.84}}
,"C:\\Users\\AVAdmin\\Nextcloud\\Projects\\jsquared_blog\\scripts\\ci\\validate-skills.js": {"lines":{"total":56,"covered":39,"skipped":0,"pct":69.64},"functions":{"total":1,"covered":1,"skipped":0,"pct":100},"statements":{"total":56,"covered":39,"skipped":0,"pct":69.64},"branches":{"total":10,"covered":5,"skipped":0,"pct":50}}
,"C:\\Users\\AVAdmin\\Nextcloud\\Projects\\jsquared_blog\\scripts\\codex\\merge-codex-config.js": {"lines":{"total":339,"covered":192,"skipped":0,"pct":56.63},"functions":{"total":17,"covered":13,"skipped":0,"pct":76.47},"statements":{"total":339,"covered":192,"skipped":0,"pct":56.63},"branches":{"total":45,"covered":28,"skipped":0,"pct":62.22}}
,"C:\\Users\\AVAdmin\\Nextcloud\\Projects\\jsquared_blog\\scripts\\codex\\merge-mcp-config.js": {"lines":{"total":329,"covered":202,"skipped":0,"pct":61.39},"functions":{"total":8,"covered":5,"skipped":0,"pct":62.5},"statements":{"total":329,"covered":202,"skipped":0,"pct":61.39},"branches":{"total":29,"covered":22,"skipped":0,"pct":75.86}}
,"C:\\Users\\AVAdmin\\Nextcloud\\Projects\\jsquared_blog\\scripts\\hooks\\auto-tmux-dev.js": {"lines":{"total":88,"covered":72,"skipped":0,"pct":81.81},"functions":{"total":0,"covered":0,"skipped":0,"pct":100},"statements":{"total":88,"covered":72,"skipped":0,"pct":81.81},"branches":{"total":10,"covered":8,"skipped":0,"pct":80}}
,"C:\\Users\\AVAdmin\\Nextcloud\\Projects\\jsquared_blog\\scripts\\hooks\\check-console-log.js": {"lines":{"total":71,"covered":58,"skipped":0,"pct":81.69},"functions":{"total":0,"covered":0,"skipped":0,"pct":100},"statements":{"total":71,"covered":58,"skipped":0,"pct":81.69},"branches":{"total":11,"covered":7,"skipped":0,"pct":63.63}}
,"C:\\Users\\AVAdmin\\Nextcloud\\Projects\\jsquared_blog\\scripts\\hooks\\check-hook-enabled.js": {"lines":{"total":12,"covered":12,"skipped":0,"pct":100},"functions":{"total":0,"covered":0,"skipped":0,"pct":100},"statements":{"total":12,"covered":12,"skipped":0,"pct":100},"branches":{"total":5,"covered":5,"skipped":0,"pct":100}}
,"C:\\Users\\AVAdmin\\Nextcloud\\Projects\\jsquared_blog\\scripts\\hooks\\config-protection.js": {"lines":{"total":140,"covered":116,"skipped":0,"pct":82.85},"functions":{"total":2,"covered":2,"skipped":0,"pct":100},"statements":{"total":140,"covered":116,"skipped":0,"pct":82.85},"branches":{"total":16,"covered":7,"skipped":0,"pct":43.75}}
,"C:\\Users\\AVAdmin\\Nextcloud\\Projects\\jsquared_blog\\scripts\\hooks\\cost-tracker.js": {"lines":{"total":78,"covered":78,"skipped":0,"pct":100},"functions":{"total":2,"covered":2,"skipped":0,"pct":100},"statements":{"total":78,"covered":78,"skipped":0,"pct":100},"branches":{"total":23,"covered":18,"skipped":0,"pct":78.26}}
,"C:\\Users\\AVAdmin\\Nextcloud\\Projects\\jsquared_blog\\scripts\\hooks\\design-quality-check.js": {"lines":{"total":131,"covered":109,"skipped":0,"pct":83.2},"functions":{"total":5,"covered":5,"skipped":0,"pct":100},"statements":{"total":131,"covered":109,"skipped":0,"pct":83.2},"branches":{"total":31,"covered":21,"skipped":0,"pct":67.74}}
,"C:\\Users\\AVAdmin\\Nextcloud\\Projects\\jsquared_blog\\scripts\\hooks\\desktop-notify.js": {"lines":{"total":168,"covered":168,"skipped":0,"pct":100},"functions":{"total":5,"covered":5,"skipped":0,"pct":100},"statements":{"total":168,"covered":168,"skipped":0,"pct":100},"branches":{"total":39,"covered":32,"skipped":0,"pct":82.05}}
,"C:\\Users\\AVAdmin\\Nextcloud\\Projects\\jsquared_blog\\scripts\\hooks\\doc-file-warning.js": {"lines":{"total":90,"covered":90,"skipped":0,"pct":100},"functions":{"total":2,"covered":2,"skipped":0,"pct":100},"statements":{"total":90,"covered":90,"skipped":0,"pct":100},"branches":{"total":22,"covered":20,"skipped":0,"pct":90.9}}
,"C:\\Users\\AVAdmin\\Nextcloud\\Projects\\jsquared_blog\\scripts\\hooks\\evaluate-session.js": {"lines":{"total":100,"covered":98,"skipped":0,"pct":98},"functions":{"total":1,"covered":1,"skipped":0,"pct":100},"statements":{"total":100,"covered":98,"skipped":0,"pct":98},"branches":{"total":13,"covered":12,"skipped":0,"pct":92.3}}
,"C:\\Users\\AVAdmin\\Nextcloud\\Projects\\jsquared_blog\\scripts\\hooks\\governance-capture.js": {"lines":{"total":334,"covered":301,"skipped":0,"pct":90.11},"functions":{"total":9,"covered":9,"skipped":0,"pct":100},"statements":{"total":334,"covered":301,"skipped":0,"pct":90.11},"branches":{"total":66,"covered":50,"skipped":0,"pct":75.75}}
,"C:\\Users\\AVAdmin\\Nextcloud\\Projects\\jsquared_blog\\scripts\\hooks\\insaits-security-wrapper.js": {"lines":{"total":98,"covered":98,"skipped":0,"pct":100},"functions":{"total":2,"covered":2,"skipped":0,"pct":100},"statements":{"total":98,"covered":98,"skipped":0,"pct":100},"branches":{"total":27,"covered":26,"skipped":0,"pct":96.29}}
,"C:\\Users\\AVAdmin\\Nextcloud\\Projects\\jsquared_blog\\scripts\\hooks\\mcp-health-check.js": {"lines":{"total":619,"covered":439,"skipped":0,"pct":70.92},"functions":{"total":26,"covered":24,"skipped":0,"pct":92.3},"statements":{"total":619,"covered":439,"skipped":0,"pct":70.92},"branches":{"total":131,"covered":67,"skipped":0,"pct":51.14}}
,"C:\\Users\\AVAdmin\\Nextcloud\\Projects\\jsquared_blog\\scripts\\hooks\\post-bash-build-complete.js": {"lines":{"total":27,"covered":27,"skipped":0,"pct":100},"functions":{"total":0,"covered":0,"skipped":0,"pct":100},"statements":{"total":27,"covered":27,"skipped":0,"pct":100},"branches":{"total":7,"covered":6,"skipped":0,"pct":85.71}}
,"C:\\Users\\AVAdmin\\Nextcloud\\Projects\\jsquared_blog\\scripts\\hooks\\post-bash-command-log.js": {"lines":{"total":73,"covered":71,"skipped":0,"pct":97.26},"functions":{"total":5,"covered":5,"skipped":0,"pct":100},"statements":{"total":73,"covered":71,"skipped":0,"pct":97.26},"branches":{"total":13,"covered":9,"skipped":0,"pct":69.23}}
,"C:\\Users\\AVAdmin\\Nextcloud\\Projects\\jsquared_blog\\scripts\\hooks\\post-bash-pr-created.js": {"lines":{"total":36,"covered":36,"skipped":0,"pct":100},"functions":{"total":0,"covered":0,"skipped":0,"pct":100},"statements":{"total":36,"covered":36,"skipped":0,"pct":100},"branches":{"total":9,"covered":7,"skipped":0,"pct":77.77}}
,"C:\\Users\\AVAdmin\\Nextcloud\\Projects\\jsquared_blog\\scripts\\hooks\\post-edit-accumulator.js": {"lines":{"total":78,"covered":68,"skipped":0,"pct":87.17},"functions":{"total":3,"covered":3,"skipped":0,"pct":100},"statements":{"total":78,"covered":68,"skipped":0,"pct":87.17},"branches":{"total":13,"covered":11,"skipped":0,"pct":84.61}}
,"C:\\Users\\AVAdmin\\Nextcloud\\Projects\\jsquared_blog\\scripts\\hooks\\post-edit-console-warn.js": {"lines":{"total":54,"covered":54,"skipped":0,"pct":100},"functions":{"total":0,"covered":0,"skipped":0,"pct":100},"statements":{"total":54,"covered":54,"skipped":0,"pct":100},"branches":{"total":15,"covered":15,"skipped":0,"pct":100}}
,"C:\\Users\\AVAdmin\\Nextcloud\\Projects\\jsquared_blog\\scripts\\hooks\\post-edit-format.js": {"lines":{"total":109,"covered":97,"skipped":0,"pct":88.99},"functions":{"total":1,"covered":1,"skipped":0,"pct":100},"statements":{"total":109,"covered":97,"skipped":0,"pct":88.99},"branches":{"total":22,"covered":15,"skipped":0,"pct":68.18}}
,"C:\\Users\\AVAdmin\\Nextcloud\\Projects\\jsquared_blog\\scripts\\hooks\\post-edit-typecheck.js": {"lines":{"total":96,"covered":91,"skipped":0,"pct":94.79},"functions":{"total":0,"covered":0,"skipped":0,"pct":100},"statements":{"total":96,"covered":91,"skipped":0,"pct":94.79},"branches":{"total":22,"covered":19,"skipped":0,"pct":86.36}}
,"C:\\Users\\AVAdmin\\Nextcloud\\Projects\\jsquared_blog\\scripts\\hooks\\pre-bash-commit-quality.js": {"lines":{"total":405,"covered":249,"skipped":0,"pct":61.48},"functions":{"total":8,"covered":7,"skipped":0,"pct":87.5},"statements":{"total":405,"covered":249,"skipped":0,"pct":61.48},"branches":{"total":56,"covered":20,"skipped":0,"pct":35.71}}
,"C:\\Users\\AVAdmin\\Nextcloud\\Projects\\jsquared_blog\\scripts\\hooks\\pre-bash-dev-server-block.js": {"lines":{"total":195,"covered":166,"skipped":0,"pct":85.12},"functions":{"total":5,"covered":5,"skipped":0,"pct":100},"statements":{"total":195,"covered":166,"skipped":0,"pct":85.12},"branches":{"total":51,"covered":39,"skipped":0,"pct":76.47}}
,"C:\\Users\\AVAdmin\\Nextcloud\\Projects\\jsquared_blog\\scripts\\hooks\\pre-bash-git-push-reminder.js": {"lines":{"total":28,"covered":26,"skipped":0,"pct":92.85},"functions":{"total":0,"covered":0,"skipped":0,"pct":100},"statements":{"total":28,"covered":26,"skipped":0,"pct":92.85},"branches":{"total":6,"covered":4,"skipped":0,"pct":66.66}}
,"C:\\Users\\AVAdmin\\Nextcloud\\Projects\\jsquared_blog\\scripts\\hooks\\pre-bash-tmux-reminder.js": {"lines":{"total":33,"covered":29,"skipped":0,"pct":87.87},"functions":{"total":0,"covered":0,"skipped":0,"pct":100},"statements":{"total":33,"covered":29,"skipped":0,"pct":87.87},"branches":{"total":8,"covered":3,"skipped":0,"pct":37.5}}
,"C:\\Users\\AVAdmin\\Nextcloud\\Projects\\jsquared_blog\\scripts\\hooks\\pre-compact.js": {"lines":{"total":48,"covered":46,"skipped":0,"pct":95.83},"functions":{"total":1,"covered":1,"skipped":0,"pct":100},"statements":{"total":48,"covered":46,"skipped":0,"pct":95.83},"branches":{"total":3,"covered":3,"skipped":0,"pct":100}}
,"C:\\Users\\AVAdmin\\Nextcloud\\Projects\\jsquared_blog\\scripts\\hooks\\pre-write-doc-warn.js": {"lines":{"total":9,"covered":9,"skipped":0,"pct":100},"functions":{"total":0,"covered":0,"skipped":0,"pct":100},"statements":{"total":9,"covered":9,"skipped":0,"pct":100},"branches":{"total":1,"covered":1,"skipped":0,"pct":100}}
,"C:\\Users\\AVAdmin\\Nextcloud\\Projects\\jsquared_blog\\scripts\\hooks\\quality-gate.js": {"lines":{"total":168,"covered":153,"skipped":0,"pct":91.07},"functions":{"total":4,"covered":4,"skipped":0,"pct":100},"statements":{"total":168,"covered":153,"skipped":0,"pct":91.07},"branches":{"total":30,"covered":25,"skipped":0,"pct":83.33}}
,"C:\\Users\\AVAdmin\\Nextcloud\\Projects\\jsquared_blog\\scripts\\hooks\\run-with-flags.js": {"lines":{"total":181,"covered":138,"skipped":0,"pct":76.24},"functions":{"total":6,"covered":6,"skipped":0,"pct":100},"statements":{"total":181,"covered":138,"skipped":0,"pct":76.24},"branches":{"total":46,"covered":29,"skipped":0,"pct":63.04}}
,"C:\\Users\\AVAdmin\\Nextcloud\\Projects\\jsquared_blog\\scripts\\hooks\\session-end-marker.js": {"lines":{"total":67,"covered":58,"skipped":0,"pct":86.56},"functions":{"total":2,"covered":2,"skipped":0,"pct":100},"statements":{"total":67,"covered":58,"skipped":0,"pct":86.56},"branches":{"total":10,"covered":5,"skipped":0,"pct":50}}
,"C:\\Users\\AVAdmin\\Nextcloud\\Projects\\jsquared_blog\\scripts\\hooks\\session-end.js": {"lines":{"total":301,"covered":295,"skipped":0,"pct":98},"functions":{"total":10,"covered":10,"skipped":0,"pct":100},"statements":{"total":301,"covered":295,"skipped":0,"pct":98},"branches":{"total":86,"covered":79,"skipped":0,"pct":91.86}}
,"C:\\Users\\AVAdmin\\Nextcloud\\Projects\\jsquared_blog\\scripts\\hooks\\session-start-bootstrap.js": {"lines":{"total":149,"covered":136,"skipped":0,"pct":91.27},"functions":{"total":2,"covered":2,"skipped":0,"pct":100},"statements":{"total":149,"covered":136,"skipped":0,"pct":91.27},"branches":{"total":22,"covered":13,"skipped":0,"pct":59.09}}
,"C:\\Users\\AVAdmin\\Nextcloud\\Projects\\jsquared_blog\\scripts\\hooks\\session-start.js": {"lines":{"total":288,"covered":267,"skipped":0,"pct":92.7},"functions":{"total":6,"covered":5,"skipped":0,"pct":83.33},"statements":{"total":288,"covered":267,"skipped":0,"pct":92.7},"branches":{"total":50,"covered":39,"skipped":0,"pct":78}}
,"C:\\Users\\AVAdmin\\Nextcloud\\Projects\\jsquared_blog\\scripts\\hooks\\stop-format-typecheck.js": {"lines":{"total":217,"covered":188,"skipped":0,"pct":86.63},"functions":{"total":7,"covered":6,"skipped":0,"pct":85.71},"statements":{"total":217,"covered":188,"skipped":0,"pct":86.63},"branches":{"total":55,"covered":40,"skipped":0,"pct":72.72}}
,"C:\\Users\\AVAdmin\\Nextcloud\\Projects\\jsquared_blog\\scripts\\hooks\\suggest-compact.js": {"lines":{"total":80,"covered":80,"skipped":0,"pct":100},"functions":{"total":1,"covered":1,"skipped":0,"pct":100},"statements":{"total":80,"covered":80,"skipped":0,"pct":100},"branches":{"total":21,"covered":20,"skipped":0,"pct":95.23}}
,"C:\\Users\\AVAdmin\\Nextcloud\\Projects\\jsquared_blog\\scripts\\lib\\agent-compress.js": {"lines":{"total":244,"covered":237,"skipped":0,"pct":97.13},"functions":{"total":8,"covered":8,"skipped":0,"pct":100},"statements":{"total":244,"covered":237,"skipped":0,"pct":97.13},"branches":{"total":67,"covered":58,"skipped":0,"pct":86.56}}
,"C:\\Users\\AVAdmin\\Nextcloud\\Projects\\jsquared_blog\\scripts\\lib\\hook-flags.js": {"lines":{"total":74,"covered":74,"skipped":0,"pct":100},"functions":{"total":5,"covered":5,"skipped":0,"pct":100},"statements":{"total":74,"covered":74,"skipped":0,"pct":100},"branches":{"total":32,"covered":32,"skipped":0,"pct":100}}
,"C:\\Users\\AVAdmin\\Nextcloud\\Projects\\jsquared_blog\\scripts\\lib\\inspection.js": {"lines":{"total":212,"covered":196,"skipped":0,"pct":92.45},"functions":{"total":6,"covered":5,"skipped":0,"pct":83.33},"statements":{"total":212,"covered":196,"skipped":0,"pct":92.45},"branches":{"total":46,"covered":36,"skipped":0,"pct":78.26}}
,"C:\\Users\\AVAdmin\\Nextcloud\\Projects\\jsquared_blog\\scripts\\lib\\install-executor.js": {"lines":{"total":672,"covered":650,"skipped":0,"pct":96.72},"functions":{"total":29,"covered":29,"skipped":0,"pct":100},"statements":{"total":672,"covered":650,"skipped":0,"pct":96.72},"branches":{"total":118,"covered":91,"skipped":0,"pct":77.11}}
,"C:\\Users\\AVAdmin\\Nextcloud\\Projects\\jsquared_blog\\scripts\\lib\\install-lifecycle.js": {"lines":{"total":1226,"covered":1062,"skipped":0,"pct":86.62},"functions":{"total":41,"covered":41,"skipped":0,"pct":100},"statements":{"total":1226,"covered":1062,"skipped":0,"pct":86.62},"branches":{"total":304,"covered":240,"skipped":0,"pct":78.94}}
,"C:\\Users\\AVAdmin\\Nextcloud\\Projects\\jsquared_blog\\scripts\\lib\\install-manifests.js": {"lines":{"total":551,"covered":537,"skipped":0,"pct":97.45},"functions":{"total":18,"covered":18,"skipped":0,"pct":100},"statements":{"total":551,"covered":537,"skipped":0,"pct":97.45},"branches":{"total":183,"covered":162,"skipped":0,"pct":88.52}}
,"C:\\Users\\AVAdmin\\Nextcloud\\Projects\\jsquared_blog\\scripts\\lib\\install-state.js": {"lines":{"total":313,"covered":291,"skipped":0,"pct":92.97},"functions":{"total":16,"covered":16,"skipped":0,"pct":100},"statements":{"total":313,"covered":291,"skipped":0,"pct":92.97},"branches":{"total":96,"covered":76,"skipped":0,"pct":79.16}}
,"C:\\Users\\AVAdmin\\Nextcloud\\Projects\\jsquared_blog\\scripts\\lib\\observer-sessions.js": {"lines":{"total":175,"covered":152,"skipped":0,"pct":86.85},"functions":{"total":19,"covered":18,"skipped":0,"pct":94.73},"statements":{"total":175,"covered":152,"skipped":0,"pct":86.85},"branches":{"total":36,"covered":21,"skipped":0,"pct":58.33}}
,"C:\\Users\\AVAdmin\\Nextcloud\\Projects\\jsquared_blog\\scripts\\lib\\orchestration-session.js": {"lines":{"total":299,"covered":261,"skipped":0,"pct":87.29},"functions":{"total":14,"covered":14,"skipped":0,"pct":100},"statements":{"total":299,"covered":261,"skipped":0,"pct":87.29},"branches":{"total":69,"covered":59,"skipped":0,"pct":85.5}}
,"C:\\Users\\AVAdmin\\Nextcloud\\Projects\\jsquared_blog\\scripts\\lib\\package-manager.js": {"lines":{"total":431,"covered":427,"skipped":0,"pct":99.07},"functions":{"total":14,"covered":14,"skipped":0,"pct":100},"statements":{"total":431,"covered":427,"skipped":0,"pct":99.07},"branches":{"total":84,"covered":82,"skipped":0,"pct":97.61}}
,"C:\\Users\\AVAdmin\\Nextcloud\\Projects\\jsquared_blog\\scripts\\lib\\project-detect.js": {"lines":{"total":428,"covered":416,"skipped":0,"pct":97.19},"functions":{"total":9,"covered":9,"skipped":0,"pct":100},"statements":{"total":428,"covered":416,"skipped":0,"pct":97.19},"branches":{"total":84,"covered":76,"skipped":0,"pct":90.47}}
,"C:\\Users\\AVAdmin\\Nextcloud\\Projects\\jsquared_blog\\scripts\\lib\\resolve-ecc-root.js": {"lines":{"total":104,"covered":101,"skipped":0,"pct":97.11},"functions":{"total":1,"covered":1,"skipped":0,"pct":100},"statements":{"total":104,"covered":101,"skipped":0,"pct":97.11},"branches":{"total":20,"covered":13,"skipped":0,"pct":65}}
,"C:\\Users\\AVAdmin\\Nextcloud\\Projects\\jsquared_blog\\scripts\\lib\\resolve-formatter.js": {"lines":{"total":185,"covered":183,"skipped":0,"pct":98.91},"functions":{"total":5,"covered":5,"skipped":0,"pct":100},"statements":{"total":185,"covered":183,"skipped":0,"pct":98.91},"branches":{"total":34,"covered":28,"skipped":0,"pct":82.35}}
,"C:\\Users\\AVAdmin\\Nextcloud\\Projects\\jsquared_blog\\scripts\\lib\\session-aliases.js": {"lines":{"total":481,"covered":448,"skipped":0,"pct":93.13},"functions":{"total":13,"covered":13,"skipped":0,"pct":100},"statements":{"total":481,"covered":448,"skipped":0,"pct":93.13},"branches":{"total":117,"covered":109,"skipped":0,"pct":93.16}}
,"C:\\Users\\AVAdmin\\Nextcloud\\Projects\\jsquared_blog\\scripts\\lib\\session-manager.js": {"lines":{"total":533,"covered":516,"skipped":0,"pct":96.81},"functions":{"total":17,"covered":17,"skipped":0,"pct":100},"statements":{"total":533,"covered":516,"skipped":0,"pct":96.81},"branches":{"total":146,"covered":137,"skipped":0,"pct":93.83}}
,"C:\\Users\\AVAdmin\\Nextcloud\\Projects\\jsquared_blog\\scripts\\lib\\shell-split.js": {"lines":{"total":86,"covered":86,"skipped":0,"pct":100},"functions":{"total":1,"covered":1,"skipped":0,"pct":100},"statements":{"total":86,"covered":86,"skipped":0,"pct":100},"branches":{"total":34,"covered":34,"skipped":0,"pct":100}}
,"C:\\Users\\AVAdmin\\Nextcloud\\Projects\\jsquared_blog\\scripts\\lib\\tmux-worktree-orchestrator.js": {"lines":{"total":598,"covered":373,"skipped":0,"pct":62.37},"functions":{"total":19,"covered":12,"skipped":0,"pct":63.15},"statements":{"total":598,"covered":373,"skipped":0,"pct":62.37},"branches":{"total":60,"covered":37,"skipped":0,"pct":61.66}}
,"C:\\Users\\AVAdmin\\Nextcloud\\Projects\\jsquared_blog\\scripts\\lib\\utils.js": {"lines":{"total":642,"covered":623,"skipped":0,"pct":97.04},"functions":{"total":31,"covered":31,"skipped":0,"pct":100},"statements":{"total":642,"covered":623,"skipped":0,"pct":97.04},"branches":{"total":153,"covered":140,"skipped":0,"pct":91.5}}
,"C:\\Users\\AVAdmin\\Nextcloud\\Projects\\jsquared_blog\\scripts\\lib\\install\\apply.js": {"lines":{"total":211,"covered":197,"skipped":0,"pct":93.36},"functions":{"total":8,"covered":8,"skipped":0,"pct":100},"statements":{"total":211,"covered":197,"skipped":0,"pct":93.36},"branches":{"total":70,"covered":58,"skipped":0,"pct":82.85}}
,"C:\\Users\\AVAdmin\\Nextcloud\\Projects\\jsquared_blog\\scripts\\lib\\install\\config.js": {"lines":{"total":89,"covered":85,"skipped":0,"pct":95.5},"functions":{"total":7,"covered":7,"skipped":0,"pct":100},"statements":{"total":89,"covered":85,"skipped":0,"pct":95.5},"branches":{"total":33,"covered":26,"skipped":0,"pct":78.78}}
,"C:\\Users\\AVAdmin\\Nextcloud\\Projects\\jsquared_blog\\scripts\\lib\\install\\request.js": {"lines":{"total":120,"covered":119,"skipped":0,"pct":99.16},"functions":{"total":3,"covered":3,"skipped":0,"pct":100},"statements":{"total":120,"covered":119,"skipped":0,"pct":99.16},"branches":{"total":77,"covered":68,"skipped":0,"pct":88.31}}
,"C:\\Users\\AVAdmin\\Nextcloud\\Projects\\jsquared_blog\\scripts\\lib\\install\\runtime.js": {"lines":{"total":54,"covered":39,"skipped":0,"pct":72.22},"functions":{"total":1,"covered":1,"skipped":0,"pct":100},"statements":{"total":54,"covered":39,"skipped":0,"pct":72.22},"branches":{"total":6,"covered":4,"skipped":0,"pct":66.66}}
,"C:\\Users\\AVAdmin\\Nextcloud\\Projects\\jsquared_blog\\scripts\\lib\\install-targets\\antigravity-project.js": {"lines":{"total":85,"covered":85,"skipped":0,"pct":100},"functions":{"total":3,"covered":3,"skipped":0,"pct":100},"statements":{"total":85,"covered":85,"skipped":0,"pct":100},"branches":{"total":18,"covered":15,"skipped":0,"pct":83.33}}
,"C:\\Users\\AVAdmin\\Nextcloud\\Projects\\jsquared_blog\\scripts\\lib\\install-targets\\claude-home.js": {"lines":{"total":10,"covered":10,"skipped":0,"pct":100},"functions":{"total":0,"covered":0,"skipped":0,"pct":100},"statements":{"total":10,"covered":10,"skipped":0,"pct":100},"branches":{"total":1,"covered":1,"skipped":0,"pct":100}}
,"C:\\Users\\AVAdmin\\Nextcloud\\Projects\\jsquared_blog\\scripts\\lib\\install-targets\\codebuddy-project.js": {"lines":{"total":47,"covered":45,"skipped":0,"pct":95.74},"functions":{"total":1,"covered":1,"skipped":0,"pct":100},"statements":{"total":47,"covered":45,"skipped":0,"pct":95.74},"branches":{"total":7,"covered":4,"skipped":0,"pct":57.14}}
,"C:\\Users\\AVAdmin\\Nextcloud\\Projects\\jsquared_blog\\scripts\\lib\\install-targets\\codex-home.js": {"lines":{"total":10,"covered":10,"skipped":0,"pct":100},"functions":{"total":0,"covered":0,"skipped":0,"pct":100},"statements":{"total":10,"covered":10,"skipped":0,"pct":100},"branches":{"total":1,"covered":1,"skipped":0,"pct":100}}
,"C:\\Users\\AVAdmin\\Nextcloud\\Projects\\jsquared_blog\\scripts\\lib\\install-targets\\cursor-project.js": {"lines":{"total":47,"covered":47,"skipped":0,"pct":100},"functions":{"total":1,"covered":1,"skipped":0,"pct":100},"statements":{"total":47,"covered":47,"skipped":0,"pct":100},"branches":{"total":9,"covered":7,"skipped":0,"pct":77.77}}
,"C:\\Users\\AVAdmin\\Nextcloud\\Projects\\jsquared_blog\\scripts\\lib\\install-targets\\gemini-project.js": {"lines":{"total":10,"covered":10,"skipped":0,"pct":100},"functions":{"total":0,"covered":0,"skipped":0,"pct":100},"statements":{"total":10,"covered":10,"skipped":0,"pct":100},"branches":{"total":1,"covered":1,"skipped":0,"pct":100}}
,"C:\\Users\\AVAdmin\\Nextcloud\\Projects\\jsquared_blog\\scripts\\lib\\install-targets\\helpers.js": {"lines":{"total":314,"covered":221,"skipped":0,"pct":70.38},"functions":{"total":20,"covered":17,"skipped":0,"pct":85},"statements":{"total":314,"covered":221,"skipped":0,"pct":70.38},"branches":{"total":66,"covered":48,"skipped":0,"pct":72.72}}
,"C:\\Users\\AVAdmin\\Nextcloud\\Projects\\jsquared_blog\\scripts\\lib\\install-targets\\opencode-home.js": {"lines":{"total":10,"covered":10,"skipped":0,"pct":100},"functions":{"total":0,"covered":0,"skipped":0,"pct":100},"statements":{"total":10,"covered":10,"skipped":0,"pct":100},"branches":{"total":1,"covered":1,"skipped":0,"pct":100}}
,"C:\\Users\\AVAdmin\\Nextcloud\\Projects\\jsquared_blog\\scripts\\lib\\install-targets\\registry.js": {"lines":{"total":70,"covered":68,"skipped":0,"pct":97.14},"functions":{"total":3,"covered":3,"skipped":0,"pct":100},"statements":{"total":70,"covered":68,"skipped":0,"pct":97.14},"branches":{"total":10,"covered":7,"skipped":0,"pct":70}}
,"C:\\Users\\AVAdmin\\Nextcloud\\Projects\\jsquared_blog\\scripts\\lib\\session-adapters\\canonical-session.js": {"lines":{"total":531,"covered":525,"skipped":0,"pct":98.87},"functions":{"total":24,"covered":24,"skipped":0,"pct":100},"statements":{"total":531,"covered":525,"skipped":0,"pct":98.87},"branches":{"total":214,"covered":185,"skipped":0,"pct":86.44}}
,"C:\\Users\\AVAdmin\\Nextcloud\\Projects\\jsquared_blog\\scripts\\lib\\session-adapters\\claude-history.js": {"lines":{"total":160,"covered":147,"skipped":0,"pct":91.87},"functions":{"total":8,"covered":8,"skipped":0,"pct":100},"statements":{"total":160,"covered":147,"skipped":0,"pct":91.87},"branches":{"total":40,"covered":34,"skipped":0,"pct":85}}
,"C:\\Users\\AVAdmin\\Nextcloud\\Projects\\jsquared_blog\\scripts\\lib\\session-adapters\\dmux-tmux.js": {"lines":{"total":90,"covered":82,"skipped":0,"pct":91.11},"functions":{"total":7,"covered":7,"skipped":0,"pct":100},"statements":{"total":90,"covered":82,"skipped":0,"pct":91.11},"branches":{"total":22,"covered":15,"skipped":0,"pct":68.18}}
,"C:\\Users\\AVAdmin\\Nextcloud\\Projects\\jsquared_blog\\scripts\\lib\\session-adapters\\registry.js": {"lines":{"total":127,"covered":119,"skipped":0,"pct":93.7},"functions":{"total":10,"covered":10,"skipped":0,"pct":100},"statements":{"total":127,"covered":119,"skipped":0,"pct":93.7},"branches":{"total":38,"covered":27,"skipped":0,"pct":71.05}}
,"C:\\Users\\AVAdmin\\Nextcloud\\Projects\\jsquared_blog\\scripts\\lib\\skill-evolution\\dashboard.js": {"lines":{"total":401,"covered":380,"skipped":0,"pct":94.76},"functions":{"total":16,"covered":16,"skipped":0,"pct":100},"statements":{"total":401,"covered":380,"skipped":0,"pct":94.76},"branches":{"total":101,"covered":74,"skipped":0,"pct":73.26}}
,"C:\\Users\\AVAdmin\\Nextcloud\\Projects\\jsquared_blog\\scripts\\lib\\skill-evolution\\health.js": {"lines":{"total":263,"covered":239,"skipped":0,"pct":90.87},"functions":{"total":12,"covered":12,"skipped":0,"pct":100},"statements":{"total":263,"covered":239,"skipped":0,"pct":90.87},"branches":{"total":70,"covered":58,"skipped":0,"pct":82.85}}
,"C:\\Users\\AVAdmin\\Nextcloud\\Projects\\jsquared_blog\\scripts\\lib\\skill-evolution\\index.js": {"lines":{"total":20,"covered":20,"skipped":0,"pct":100},"functions":{"total":0,"covered":0,"skipped":0,"pct":100},"statements":{"total":20,"covered":20,"skipped":0,"pct":100},"branches":{"total":1,"covered":1,"skipped":0,"pct":100}}
,"C:\\Users\\AVAdmin\\Nextcloud\\Projects\\jsquared_blog\\scripts\\lib\\skill-evolution\\provenance.js": {"lines":{"total":187,"covered":160,"skipped":0,"pct":85.56},"functions":{"total":13,"covered":13,"skipped":0,"pct":100},"statements":{"total":187,"covered":160,"skipped":0,"pct":85.56},"branches":{"total":40,"covered":28,"skipped":0,"pct":70}}
,"C:\\Users\\AVAdmin\\Nextcloud\\Projects\\jsquared_blog\\scripts\\lib\\skill-evolution\\tracker.js": {"lines":{"total":146,"covered":119,"skipped":0,"pct":81.5},"functions":{"total":7,"covered":6,"skipped":0,"pct":85.71},"statements":{"total":146,"covered":119,"skipped":0,"pct":81.5},"branches":{"total":37,"covered":14,"skipped":0,"pct":37.83}}
,"C:\\Users\\AVAdmin\\Nextcloud\\Projects\\jsquared_blog\\scripts\\lib\\skill-evolution\\versioning.js": {"lines":{"total":237,"covered":217,"skipped":0,"pct":91.56},"functions":{"total":15,"covered":15,"skipped":0,"pct":100},"statements":{"total":237,"covered":217,"skipped":0,"pct":91.56},"branches":{"total":48,"covered":30,"skipped":0,"pct":62.5}}
,"C:\\Users\\AVAdmin\\Nextcloud\\Projects\\jsquared_blog\\scripts\\lib\\skill-improvement\\amendify.js": {"lines":{"total":89,"covered":78,"skipped":0,"pct":87.64},"functions":{"total":3,"covered":3,"skipped":0,"pct":100},"statements":{"total":89,"covered":78,"skipped":0,"pct":87.64},"branches":{"total":7,"covered":4,"skipped":0,"pct":57.14}}
,"C:\\Users\\AVAdmin\\Nextcloud\\Projects\\jsquared_blog\\scripts\\lib\\skill-improvement\\evaluate.js": {"lines":{"total":59,"covered":59,"skipped":0,"pct":100},"functions":{"total":3,"covered":3,"skipped":0,"pct":100},"statements":{"total":59,"covered":59,"skipped":0,"pct":100},"branches":{"total":13,"covered":10,"skipped":0,"pct":76.92}}
,"C:\\Users\\AVAdmin\\Nextcloud\\Projects\\jsquared_blog\\scripts\\lib\\skill-improvement\\health.js": {"lines":{"total":118,"covered":112,"skipped":0,"pct":94.91},"functions":{"total":5,"covered":5,"skipped":0,"pct":100},"statements":{"total":118,"covered":112,"skipped":0,"pct":94.91},"branches":{"total":34,"covered":30,"skipped":0,"pct":88.23}}
,"C:\\Users\\AVAdmin\\Nextcloud\\Projects\\jsquared_blog\\scripts\\lib\\skill-improvement\\observations.js": {"lines":{"total":108,"covered":104,"skipped":0,"pct":96.29},"functions":{"total":8,"covered":8,"skipped":0,"pct":100},"statements":{"total":108,"covered":104,"skipped":0,"pct":96.29},"branches":{"total":33,"covered":24,"skipped":0,"pct":72.72}}
,"C:\\Users\\AVAdmin\\Nextcloud\\Projects\\jsquared_blog\\scripts\\lib\\state-store\\index.js": {"lines":{"total":191,"covered":177,"skipped":0,"pct":92.67},"functions":{"total":15,"covered":15,"skipped":0,"pct":100},"statements":{"total":191,"covered":177,"skipped":0,"pct":92.67},"branches":{"total":49,"covered":42,"skipped":0,"pct":85.71}}
,"C:\\Users\\AVAdmin\\Nextcloud\\Projects\\jsquared_blog\\scripts\\lib\\state-store\\migrations.js": {"lines":{"total":178,"covered":178,"skipped":0,"pct":100},"functions":{"total":3,"covered":3,"skipped":0,"pct":100},"statements":{"total":178,"covered":178,"skipped":0,"pct":100},"branches":{"total":9,"covered":9,"skipped":0,"pct":100}}
,"C:\\Users\\AVAdmin\\Nextcloud\\Projects\\jsquared_blog\\scripts\\lib\\state-store\\queries.js": {"lines":{"total":697,"covered":693,"skipped":0,"pct":99.42},"functions":{"total":31,"covered":31,"skipped":0,"pct":100},"statements":{"total":697,"covered":693,"skipped":0,"pct":99.42},"branches":{"total":101,"covered":94,"skipped":0,"pct":93.06}}
,"C:\\Users\\AVAdmin\\Nextcloud\\Projects\\jsquared_blog\\scripts\\lib\\state-store\\schema.js": {"lines":{"total":92,"covered":90,"skipped":0,"pct":97.82},"functions":{"total":6,"covered":6,"skipped":0,"pct":100},"statements":{"total":92,"covered":90,"skipped":0,"pct":97.82},"branches":{"total":21,"covered":18,"skipped":0,"pct":85.71}}
}
